<?xml version="1.0" encoding="UTF-8"?>
<!-- Generated by org.testng.reporters.JUnitReportReporter -->
<testsuite skipped="0" hostname="FAHIM-AHMED1988" name="com.qa.gmail.testpages.HomepageTest" tests="1" failures="0" timestamp="12 Apr 2019 18:17:06 GMT" time="8.877" errors="0">
  <testcase name="testSearch" time="8.877" classname="com.qa.gmail.testpages.HomepageTest"/>
</testsuite> <!-- com.qa.gmail.testpages.HomepageTest -->
