<?xml version="1.0" encoding="UTF-8"?>
<!-- Generated by org.testng.reporters.JUnitReportReporter -->
<testsuite skipped="0" hostname="FAHIM-AHMED1988" name="GmailWebApp.GmailWeb.AppTest" tests="1" failures="0" timestamp="12 Apr 2019 15:51:33 GMT" time="0.002" errors="0">
  <testcase name="testApp" time="0.002" classname="GmailWebApp.GmailWeb.AppTest"/>
</testsuite> <!-- GmailWebApp.GmailWeb.AppTest -->
